0 info it worked if it ends with ok
1 verbose cli [ 'C:\\Program Files\\nodejs\\\\node.exe',
1 verbose cli   'C:\\Program Files\\nodejs\\node_modules\\npm\\bin\\npm-cli.js',
1 verbose cli   'install',
1 verbose cli   'gulp-rimaf',
1 verbose cli   '--save-dev' ]
2 info using npm@1.4.28
3 info using node@v0.10.33
4 verbose node symlink C:\Program Files\nodejs\\node.exe
5 warn package.json truckrep-web@1.0.0 No repository field.
6 warn package.json truckrep-web@1.0.0 No README data
7 verbose readDependencies using package.json deps
8 verbose cache add [ 'gulp-rimaf', null ]
9 verbose cache add name=undefined spec="gulp-rimaf" args=["gulp-rimaf",null]
10 verbose parsed url { protocol: null,
10 verbose parsed url   slashes: null,
10 verbose parsed url   auth: null,
10 verbose parsed url   host: null,
10 verbose parsed url   port: null,
10 verbose parsed url   hostname: null,
10 verbose parsed url   hash: null,
10 verbose parsed url   search: null,
10 verbose parsed url   query: null,
10 verbose parsed url   pathname: 'gulp-rimaf',
10 verbose parsed url   path: 'gulp-rimaf',
10 verbose parsed url   href: 'gulp-rimaf' }
11 silly lockFile 0e390ccc-gulp-rimaf gulp-rimaf
12 verbose lock gulp-rimaf C:\Users\Redirection\goudsw2\AppData\npm-cache\0e390ccc-gulp-rimaf.lock
13 silly lockFile 0e390ccc-gulp-rimaf gulp-rimaf
14 silly lockFile 0e390ccc-gulp-rimaf gulp-rimaf
15 verbose addNamed [ 'gulp-rimaf', '' ]
16 verbose addNamed [ null, '*' ]
17 silly lockFile 904d503a-gulp-rimaf gulp-rimaf@
18 verbose lock gulp-rimaf@ C:\Users\Redirection\goudsw2\AppData\npm-cache\904d503a-gulp-rimaf.lock
19 silly addNameRange { name: 'gulp-rimaf', range: '*', hasData: false }
20 verbose request where is /gulp-rimaf
21 verbose request registry http://wvd00108.d2-tdbfg.com/
22 verbose request id fa5d7bd7e89ee4dd
23 verbose url raw /gulp-rimaf
24 verbose url resolving [ 'http://wvd00108.d2-tdbfg.com/', './gulp-rimaf' ]
25 verbose url resolved http://wvd00108.d2-tdbfg.com/gulp-rimaf
26 verbose request where is http://wvd00108.d2-tdbfg.com/gulp-rimaf
27 info trying registry request attempt 1 at 11:44:02
28 http GET http://wvd00108.d2-tdbfg.com/gulp-rimaf
29 http 404 http://wvd00108.d2-tdbfg.com/gulp-rimaf
30 verbose headers { 'content-type': 'application/json; charset=utf-8',
30 verbose headers   'x-registry': 'https://registry.npmjs.org/',
30 verbose headers   server: 'CouchDB/1.5.0 (Erlang OTP/R16B03)',
30 verbose headers   'cache-control': 'no-cache',
30 verbose headers   'accept-ranges': 'bytes',
30 verbose headers   via: '1.1 varnish',
30 verbose headers   age: '0',
30 verbose headers   connection: 'keep-alive',
30 verbose headers   'x-served-by': 'cache-ord1726-ORD',
30 verbose headers   'x-cache': 'MISS',
30 verbose headers   'x-cache-hits': '0',
30 verbose headers   'x-timer': 'S1433173442.463779,VS0,VE41',
30 verbose headers   'content-encoding': 'gzip',
30 verbose headers   vary: 'accept-encoding',
30 verbose headers   date: 'Mon, 01 Jun 2015 15:44:02 GMT',
30 verbose headers   'transfer-encoding': 'chunked' }
31 silly registry.get cb [ 404,
31 silly registry.get   { 'content-type': 'application/json; charset=utf-8',
31 silly registry.get     'x-registry': 'https://registry.npmjs.org/',
31 silly registry.get     server: 'CouchDB/1.5.0 (Erlang OTP/R16B03)',
31 silly registry.get     'cache-control': 'no-cache',
31 silly registry.get     'accept-ranges': 'bytes',
31 silly registry.get     via: '1.1 varnish',
31 silly registry.get     age: '0',
31 silly registry.get     connection: 'keep-alive',
31 silly registry.get     'x-served-by': 'cache-ord1726-ORD',
31 silly registry.get     'x-cache': 'MISS',
31 silly registry.get     'x-cache-hits': '0',
31 silly registry.get     'x-timer': 'S1433173442.463779,VS0,VE41',
31 silly registry.get     'content-encoding': 'gzip',
31 silly registry.get     vary: 'accept-encoding',
31 silly registry.get     date: 'Mon, 01 Jun 2015 15:44:02 GMT',
31 silly registry.get     'transfer-encoding': 'chunked' } ]
32 silly lockFile 904d503a-gulp-rimaf gulp-rimaf@
33 silly lockFile 904d503a-gulp-rimaf gulp-rimaf@
34 error 404 404 Not Found: gulp-rimaf
34 error 404
34 error 404 'gulp-rimaf' is not in the npm registry.
34 error 404 You should bug the author to publish it
34 error 404 It was specified as a dependency of 'truckrep-web'
34 error 404
34 error 404 Note that you can also install from a
34 error 404 tarball, folder, or http url, or git url.
35 error System Windows_NT 6.1.7601
36 error command "C:\\Program Files\\nodejs\\\\node.exe" "C:\\Program Files\\nodejs\\node_modules\\npm\\bin\\npm-cli.js" "install" "gulp-rimaf" "--save-dev"
37 error cwd c:\atom_projects\client-side-project
38 error node -v v0.10.33
39 error npm -v 1.4.28
40 error code E404
41 verbose exit [ 1, true ]
